<?xml version="1.0" encoding="UTF-8"?>
<testsuite name="uk.gov.hmcts.reform.emclient.controller.EvidenceManagementClientControllerTest" tests="15" skipped="0" failures="0" errors="0" timestamp="2018-03-12T16:22:37" hostname="turbo" time="1.177">
  <properties/>
  <testcase name="shouldUploadFileWhenHandleFileIsInvokedWithValidInputs" classname="uk.gov.hmcts.reform.emclient.controller.EvidenceManagementClientControllerTest" time="0.668"/>
  <testcase name="shouldNotUploadFileAndThrowServerExceptionWhenHandleFileIsInvokedAndEMServiceThrowsHttpServerException" classname="uk.gov.hmcts.reform.emclient.controller.EvidenceManagementClientControllerTest" time="0.035"/>
  <testcase name="shouldNotDownloadFileWhenDownloadFileIsInvokedWithSelfUrlWithoutAuthToken" classname="uk.gov.hmcts.reform.emclient.controller.EvidenceManagementClientControllerTest" time="0.016"/>
  <testcase name="shouldNotUploadFileAndThrowClientExceptionWhenHandleFileUploadWithS2STokenIsInvokedWithInvalidAuthToken" classname="uk.gov.hmcts.reform.emclient.controller.EvidenceManagementClientControllerTest" time="0.028"/>
  <testcase name="shouldNotUploadFileAndThrowClientExceptionWhenHandleFileIsInvokedWithInvalidAuthToken" classname="uk.gov.hmcts.reform.emclient.controller.EvidenceManagementClientControllerTest" time="0.022"/>
  <testcase name="shouldNotUploadFileAndThrowServerExceptionWhenHandleFileUploadWithS2STokenAndEMStoreThrowsHttpServerException" classname="uk.gov.hmcts.reform.emclient.controller.EvidenceManagementClientControllerTest" time="0.023"/>
  <testcase name="shouldNotDownloadFileAndThrowServerExceptionWhenDownloadFileIsInvokedAndEMServiceIsUnavailable" classname="uk.gov.hmcts.reform.emclient.controller.EvidenceManagementClientControllerTest" time="0.019"/>
  <testcase name="shouldNotUploadFileAndThrowClientExceptionWhenHandleFileUploadWithS2STokenWithoutAuthToken" classname="uk.gov.hmcts.reform.emclient.controller.EvidenceManagementClientControllerTest" time="0.02"/>
  <testcase name="shouldNotUploadFileAndThrowServerExceptionWhenHandleFileIsInvokedAndEMServiceIsUnavailable" classname="uk.gov.hmcts.reform.emclient.controller.EvidenceManagementClientControllerTest" time="0.015"/>
  <testcase name="shouldReturnStatus200WithErrorBodyWhenHandleFileUploadWithS2STokenAndTheSubmittedFileIsNotTheCorrectFormat" classname="uk.gov.hmcts.reform.emclient.controller.EvidenceManagementClientControllerTest" time="0.134"/>
  <testcase name="shouldUploadFileTokenWhenHandleFileUploadWithS2STokenIsInvokedWithValidInputs" classname="uk.gov.hmcts.reform.emclient.controller.EvidenceManagementClientControllerTest" time="0.022"/>
  <testcase name="shouldNotUploadFileAndThrowServerExceptionWhenHandleFileUploadWithS2STokenIsInvokedAndEMStoreIsUnavailable" classname="uk.gov.hmcts.reform.emclient.controller.EvidenceManagementClientControllerTest" time="0.02"/>
  <testcase name="shouldDownloadFileWhenDownloadFileIsInvokedWithSelfUrl" classname="uk.gov.hmcts.reform.emclient.controller.EvidenceManagementClientControllerTest" time="0.06"/>
  <testcase name="shouldReturnStatus200WithErrorBodyWhenTheSubmittedFileIsNotTheCorrectFormat" classname="uk.gov.hmcts.reform.emclient.controller.EvidenceManagementClientControllerTest" time="0.036"/>
  <testcase name="shouldNotUploadFileAndThrowClientExceptionWhenHandleFileIsInvokedWithoutAuthToken" classname="uk.gov.hmcts.reform.emclient.controller.EvidenceManagementClientControllerTest" time="0.014"/>
  <system-out><![CDATA[2018-03-12 16:22:25,187 INFO [Test worker] org.springframework.test.context.support.AbstractContextLoader: Could not detect default resource locations for test class [uk.gov.hmcts.reform.emclient.controller.EvidenceManagementClientControllerTest]: no resource found for suffixes {-context.xml, Context.groovy}.
2018-03-12 16:22:25,433 INFO [Test worker] org.springframework.boot.test.autoconfigure.web.servlet.WebMvcTestContextBootstrapper: Loaded default TestExecutionListener class names from location [META-INF/spring.factories]: [org.springframework.boot.test.autoconfigure.restdocs.RestDocsTestExecutionListener, org.springframework.boot.test.autoconfigure.web.client.MockRestServiceServerResetTestExecutionListener, org.springframework.boot.test.autoconfigure.web.servlet.MockMvcPrintOnlyOnFailureTestExecutionListener, org.springframework.boot.test.autoconfigure.web.servlet.WebDriverTestExecutionListener, org.springframework.boot.test.mock.mockito.MockitoTestExecutionListener, org.springframework.boot.test.mock.mockito.ResetMocksTestExecutionListener, org.springframework.test.context.web.ServletTestExecutionListener, org.springframework.test.context.support.DirtiesContextBeforeModesTestExecutionListener, org.springframework.test.context.support.DependencyInjectionTestExecutionListener, org.springframework.test.context.support.DirtiesContextTestExecutionListener, org.springframework.test.context.transaction.TransactionalTestExecutionListener, org.springframework.test.context.jdbc.SqlScriptsTestExecutionListener]
2018-03-12 16:22:25,464 INFO [Test worker] org.springframework.boot.test.autoconfigure.web.servlet.WebMvcTestContextBootstrapper: Could not instantiate TestExecutionListener [org.springframework.test.context.jdbc.SqlScriptsTestExecutionListener]. Specify custom listener classes or make the default listener classes (and their required dependencies) available. Offending class: [org/springframework/transaction/interceptor/TransactionAttribute]
2018-03-12 16:22:25,468 INFO [Test worker] org.springframework.boot.test.autoconfigure.web.servlet.WebMvcTestContextBootstrapper: Could not instantiate TestExecutionListener [org.springframework.test.context.transaction.TransactionalTestExecutionListener]. Specify custom listener classes or make the default listener classes (and their required dependencies) available. Offending class: [org/springframework/transaction/interceptor/TransactionAttributeSource]
2018-03-12 16:22:25,472 INFO [Test worker] org.springframework.boot.test.autoconfigure.web.servlet.WebMvcTestContextBootstrapper: Using TestExecutionListeners: [org.springframework.test.context.web.ServletTestExecutionListener@376db510, org.springframework.test.context.support.DirtiesContextBeforeModesTestExecutionListener@525e7699, org.springframework.boot.test.autoconfigure.SpringBootDependencyInjectionTestExecutionListener@35f243ae, org.springframework.test.context.support.DirtiesContextTestExecutionListener@7e99ba27, org.springframework.boot.test.autoconfigure.web.servlet.MockMvcPrintOnlyOnFailureTestExecutionListener@248645d1, org.springframework.boot.test.mock.mockito.ResetMocksTestExecutionListener@54d0566, org.springframework.boot.test.mock.mockito.MockitoTestExecutionListener@2205c952, org.springframework.boot.test.autoconfigure.web.client.MockRestServiceServerResetTestExecutionListener@11fe07b7, org.springframework.boot.test.autoconfigure.restdocs.RestDocsTestExecutionListener@7c07094, org.springframework.boot.test.autoconfigure.web.servlet.WebDriverTestExecutionListener@6a4b233f]
2018-03-12 16:22:26,474 INFO [Test worker] org.springframework.context.annotation.AnnotationConfigApplicationContext: Refreshing org.springframework.context.annotation.AnnotationConfigApplicationContext@44188d4: startup date [Mon Mar 12 16:22:26 GMT 2018]; root of context hierarchy
2018-03-12 16:22:26,587 INFO [background-preinit] org.hibernate.validator.internal.util.Version: HV000001: Hibernate Validator 6.0.5.Final
2018-03-12 16:22:27,125 INFO [Test worker] org.springframework.context.support.PostProcessorRegistrationDelegate$BeanPostProcessorChecker: Bean 'configurationPropertiesRebinderAutoConfiguration' of type [org.springframework.cloud.autoconfigure.ConfigurationPropertiesRebinderAutoConfiguration$$EnhancerBySpringCGLIB$$48683738] is not eligible for getting processed by all BeanPostProcessors (for example: not eligible for auto-proxying)
2018-03-12 16:22:27,721 INFO [Test worker] org.hibernate.validator.internal.engine.ValidatorFactoryImpl: HV000238: Temporal validation tolerance set to 0.

  .   ____          _            __ _ _
 /\\ / ___'_ __ _ _(_)_ __  __ _ \ \ \ \
( ( )\___ | '_ | '_| | '_ \/ _` | \ \ \ \
 \\/  ___)| |_)| | | | | || (_| |  ) ) ) )
  '  |____| .__|_| |_|_| |_\__, | / / / /
 =========|_|==============|___/=/_/_/_/
 :: Spring Boot ::        (v1.5.9.RELEASE)

2018-03-12 16:22:28,260 INFO [Test worker] uk.gov.hmcts.reform.emclient.controller.EvidenceManagementClientControllerTest: The following profiles are active: development
2018-03-12 16:22:28,272 INFO [Test worker] org.springframework.web.context.support.GenericWebApplicationContext: Refreshing org.springframework.web.context.support.GenericWebApplicationContext@1061f25c: startup date [Mon Mar 12 16:22:28 GMT 2018]; parent: org.springframework.context.annotation.AnnotationConfigApplicationContext@44188d4
2018-03-12 16:22:28,918 INFO [Test worker] org.springframework.beans.factory.support.DefaultListableBeanFactory: Overriding bean definition for bean 'hystrixFeature' with a different definition: replacing [Root bean: class [null]; scope=; abstract=false; lazyInit=false; autowireMode=3; dependencyCheck=0; autowireCandidate=true; primary=false; factoryBeanName=org.springframework.cloud.netflix.hystrix.HystrixCircuitBreakerConfiguration$HystrixWebConfiguration; factoryMethodName=hystrixFeature; initMethodName=null; destroyMethodName=(inferred); defined in class path resource [org/springframework/cloud/netflix/hystrix/HystrixCircuitBreakerConfiguration$HystrixWebConfiguration.class]] with [Root bean: class [null]; scope=; abstract=false; lazyInit=false; autowireMode=3; dependencyCheck=0; autowireCandidate=true; primary=false; factoryBeanName=org.springframework.cloud.netflix.hystrix.HystrixCircuitBreakerConfiguration; factoryMethodName=hystrixFeature; initMethodName=null; destroyMethodName=(inferred); defined in class path resource [org/springframework/cloud/netflix/hystrix/HystrixCircuitBreakerConfiguration.class]]
2018-03-12 16:22:29,826 INFO [Test worker] org.springframework.context.support.PostProcessorRegistrationDelegate$BeanPostProcessorChecker: Bean 'org.springframework.retry.annotation.RetryConfiguration' of type [org.springframework.retry.annotation.RetryConfiguration$$EnhancerBySpringCGLIB$$2211cc60] is not eligible for getting processed by all BeanPostProcessors (for example: not eligible for auto-proxying)
2018-03-12 16:22:31,563 INFO [Test worker] org.hibernate.validator.internal.engine.ValidatorFactoryImpl: HV000238: Temporal validation tolerance set to 0.
2018-03-12 16:22:34,981 WARN [Test worker] com.netflix.config.sources.URLConfigurationSource: No URLs will be polled as dynamic configuration sources.
2018-03-12 16:22:34,981 INFO [Test worker] com.netflix.config.sources.URLConfigurationSource: To enable URLs as dynamic configuration sources, define System property archaius.configurationSource.additionalUrls or make config.properties available on classpath.
2018-03-12 16:22:35,062 INFO [Test worker] com.netflix.config.DynamicPropertyFactory: DynamicPropertyFactory is initialized with configuration sources: com.netflix.config.ConcurrentCompositeConfiguration@704915c4
2018-03-12 16:22:35,474 INFO [Test worker] org.hibernate.validator.internal.engine.ValidatorFactoryImpl: HV000238: Temporal validation tolerance set to 0.
2018-03-12 16:22:36,387 INFO [Test worker] org.springframework.web.servlet.mvc.method.annotation.RequestMappingHandlerAdapter: Looking for @ControllerAdvice: org.springframework.web.context.support.GenericWebApplicationContext@1061f25c: startup date [Mon Mar 12 16:22:28 GMT 2018]; parent: org.springframework.context.annotation.AnnotationConfigApplicationContext@44188d4
2018-03-12 16:22:36,719 INFO [Test worker] org.springframework.web.servlet.mvc.method.annotation.RequestMappingHandlerMapping: Mapped "{[/emclientapi/version/1/uploadFiles],methods=[POST],consumes=[multipart/form-data],produces=[application/json;charset=UTF-8]}" onto public java.util.List<uk.gov.hmcts.reform.emclient.response.FileUploadResponse> uk.gov.hmcts.reform.emclient.controller.EvidenceManagementClientController.handleFileUpload(java.lang.String,java.lang.String,java.util.List<org.springframework.web.multipart.MultipartFile>)
2018-03-12 16:22:36,722 INFO [Test worker] org.springframework.web.servlet.mvc.method.annotation.RequestMappingHandlerMapping: Mapped "{[/emclientapi/version/1/uploadFilesWithS2SAuthToken],methods=[POST],consumes=[multipart/form-data],produces=[application/json;charset=UTF-8]}" onto public java.util.List<uk.gov.hmcts.reform.emclient.response.FileUploadResponse> uk.gov.hmcts.reform.emclient.controller.EvidenceManagementClientController.handleFileUploadWithS2SToken(java.lang.String,java.lang.String,java.util.List<org.springframework.web.multipart.MultipartFile>)
2018-03-12 16:22:36,723 INFO [Test worker] org.springframework.web.servlet.mvc.method.annotation.RequestMappingHandlerMapping: Mapped "{[/emclientapi/version/1/downloadFile],methods=[GET],produces=[application/octet-stream]}" onto public org.springframework.http.ResponseEntity<org.springframework.core.io.InputStreamResource> uk.gov.hmcts.reform.emclient.controller.EvidenceManagementClientController.downloadFile(java.lang.String,java.lang.String,java.lang.String) throws java.io.IOException
2018-03-12 16:22:36,730 INFO [Test worker] org.springframework.web.servlet.mvc.method.annotation.RequestMappingHandlerMapping: Mapped "{[/error]}" onto public org.springframework.http.ResponseEntity<java.util.Map<java.lang.String, java.lang.Object>> org.springframework.boot.autoconfigure.web.BasicErrorController.error(javax.servlet.http.HttpServletRequest)
2018-03-12 16:22:36,733 INFO [Test worker] org.springframework.web.servlet.mvc.method.annotation.RequestMappingHandlerMapping: Mapped "{[/error],produces=[text/html]}" onto public org.springframework.web.servlet.ModelAndView org.springframework.boot.autoconfigure.web.BasicErrorController.errorHtml(javax.servlet.http.HttpServletRequest,javax.servlet.http.HttpServletResponse)
2018-03-12 16:22:36,837 INFO [Test worker] org.springframework.web.servlet.handler.SimpleUrlHandlerMapping: Mapped URL path [/webjars/**] onto handler of type [class org.springframework.web.servlet.resource.ResourceHttpRequestHandler]
2018-03-12 16:22:36,838 INFO [Test worker] org.springframework.web.servlet.handler.SimpleUrlHandlerMapping: Mapped URL path [/**] onto handler of type [class org.springframework.web.servlet.resource.ResourceHttpRequestHandler]
2018-03-12 16:22:36,902 INFO [Test worker] org.springframework.web.servlet.mvc.method.annotation.ExceptionHandlerExceptionResolver: Detected @ExceptionHandler methods in globalExceptionHandler
2018-03-12 16:22:36,962 INFO [Test worker] org.springframework.web.servlet.handler.SimpleUrlHandlerMapping: Mapped URL path [/**/favicon.ico] onto handler of type [class org.springframework.web.servlet.resource.ResourceHttpRequestHandler]
2018-03-12 16:22:37,357 INFO [Test worker] org.springframework.boot.test.mock.web.SpringBootMockServletContext: Initializing Spring FrameworkServlet ''
2018-03-12 16:22:37,357 INFO [Test worker] org.springframework.test.web.servlet.TestDispatcherServlet: FrameworkServlet '': initialization started
2018-03-12 16:22:37,388 INFO [Test worker] org.springframework.test.web.servlet.TestDispatcherServlet: FrameworkServlet '': initialization completed in 31 ms
2018-03-12 16:22:37,485 INFO [Test worker] org.springframework.context.support.DefaultLifecycleProcessor: Starting beans in phase 2147483647
2018-03-12 16:22:37,495 INFO [Test worker] uk.gov.hmcts.reform.httpproxy.spring.HttpProxyInitialiser: No proxy found to configure
2018-03-12 16:22:37,500 INFO [Test worker] uk.gov.hmcts.reform.emclient.controller.EvidenceManagementClientControllerTest: Started EvidenceManagementClientControllerTest in 11.766 seconds (JVM running for 15.532)
2018-03-12 16:22:37,527 INFO [Test worker] org.springframework.boot.test.mock.web.SpringBootMockServletContext: Initializing Spring FrameworkServlet ''
2018-03-12 16:22:37,528 INFO [Test worker] org.springframework.test.web.servlet.TestDispatcherServlet: FrameworkServlet '': initialization started
2018-03-12 16:22:37,533 INFO [Test worker] org.springframework.test.web.servlet.TestDispatcherServlet: FrameworkServlet '': initialization completed in 5 ms
2018-03-12 16:22:38,189 INFO [Test worker] org.springframework.boot.test.mock.web.SpringBootMockServletContext: Initializing Spring FrameworkServlet ''
2018-03-12 16:22:38,191 INFO [Test worker] org.springframework.test.web.servlet.TestDispatcherServlet: FrameworkServlet '': initialization started
2018-03-12 16:22:38,197 INFO [Test worker] org.springframework.test.web.servlet.TestDispatcherServlet: FrameworkServlet '': initialization completed in 5 ms
2018-03-12 16:22:38,209 ERROR [Test worker] uk.gov.hmcts.reform.emclient.errorhandler.GlobalExceptionHandler: Request Id : 1234 and Exception message : 500 Not enough disk space available.
2018-03-12 16:22:38,227 INFO [Test worker] org.springframework.boot.test.mock.web.SpringBootMockServletContext: Initializing Spring FrameworkServlet ''
2018-03-12 16:22:38,228 INFO [Test worker] org.springframework.test.web.servlet.TestDispatcherServlet: FrameworkServlet '': initialization started
2018-03-12 16:22:38,232 INFO [Test worker] org.springframework.test.web.servlet.TestDispatcherServlet: FrameworkServlet '': initialization completed in 4 ms
2018-03-12 16:22:38,247 INFO [Test worker] org.springframework.boot.test.mock.web.SpringBootMockServletContext: Initializing Spring FrameworkServlet ''
2018-03-12 16:22:38,247 INFO [Test worker] org.springframework.test.web.servlet.TestDispatcherServlet: FrameworkServlet '': initialization started
2018-03-12 16:22:38,252 INFO [Test worker] org.springframework.test.web.servlet.TestDispatcherServlet: FrameworkServlet '': initialization completed in 5 ms
2018-03-12 16:22:38,262 ERROR [Test worker] uk.gov.hmcts.reform.emclient.errorhandler.GlobalExceptionHandler: Request Id : 1234 and Exception message : 403 FORBIDDEN
2018-03-12 16:22:38,280 INFO [Test worker] org.springframework.boot.test.mock.web.SpringBootMockServletContext: Initializing Spring FrameworkServlet ''
2018-03-12 16:22:38,280 INFO [Test worker] org.springframework.test.web.servlet.TestDispatcherServlet: FrameworkServlet '': initialization started
2018-03-12 16:22:38,289 INFO [Test worker] org.springframework.test.web.servlet.TestDispatcherServlet: FrameworkServlet '': initialization completed in 8 ms
2018-03-12 16:22:38,293 ERROR [Test worker] uk.gov.hmcts.reform.emclient.errorhandler.GlobalExceptionHandler: Request Id : 1234 and Exception message : 403 FORBIDDEN
2018-03-12 16:22:38,305 INFO [Test worker] org.springframework.boot.test.mock.web.SpringBootMockServletContext: Initializing Spring FrameworkServlet ''
2018-03-12 16:22:38,306 INFO [Test worker] org.springframework.test.web.servlet.TestDispatcherServlet: FrameworkServlet '': initialization started
2018-03-12 16:22:38,311 INFO [Test worker] org.springframework.test.web.servlet.TestDispatcherServlet: FrameworkServlet '': initialization completed in 5 ms
2018-03-12 16:22:38,317 ERROR [Test worker] uk.gov.hmcts.reform.emclient.errorhandler.GlobalExceptionHandler: Request Id : 1234 and Exception message : 500 Not enough disk space available.
2018-03-12 16:22:38,332 INFO [Test worker] org.springframework.boot.test.mock.web.SpringBootMockServletContext: Initializing Spring FrameworkServlet ''
2018-03-12 16:22:38,332 INFO [Test worker] org.springframework.test.web.servlet.TestDispatcherServlet: FrameworkServlet '': initialization started
2018-03-12 16:22:38,338 INFO [Test worker] org.springframework.test.web.servlet.TestDispatcherServlet: FrameworkServlet '': initialization completed in 5 ms
2018-03-12 16:22:38,345 ERROR [Test worker] uk.gov.hmcts.reform.emclient.errorhandler.GlobalExceptionHandler: Request Id : 1234 and Exception message : Evidence management service is currently down
2018-03-12 16:22:38,357 INFO [Test worker] org.springframework.boot.test.mock.web.SpringBootMockServletContext: Initializing Spring FrameworkServlet ''
2018-03-12 16:22:38,357 INFO [Test worker] org.springframework.test.web.servlet.TestDispatcherServlet: FrameworkServlet '': initialization started
2018-03-12 16:22:38,364 INFO [Test worker] org.springframework.test.web.servlet.TestDispatcherServlet: FrameworkServlet '': initialization completed in 7 ms
2018-03-12 16:22:38,378 INFO [Test worker] org.springframework.boot.test.mock.web.SpringBootMockServletContext: Initializing Spring FrameworkServlet ''
2018-03-12 16:22:38,378 INFO [Test worker] org.springframework.test.web.servlet.TestDispatcherServlet: FrameworkServlet '': initialization started
2018-03-12 16:22:38,381 INFO [Test worker] org.springframework.test.web.servlet.TestDispatcherServlet: FrameworkServlet '': initialization completed in 3 ms
2018-03-12 16:22:38,385 ERROR [Test worker] uk.gov.hmcts.reform.emclient.errorhandler.GlobalExceptionHandler: Request Id : 1234 and Exception message : Evidence management service is currently down
2018-03-12 16:22:38,397 INFO [Test worker] org.springframework.boot.test.mock.web.SpringBootMockServletContext: Initializing Spring FrameworkServlet ''
2018-03-12 16:22:38,397 INFO [Test worker] org.springframework.test.web.servlet.TestDispatcherServlet: FrameworkServlet '': initialization started
2018-03-12 16:22:38,403 INFO [Test worker] org.springframework.test.web.servlet.TestDispatcherServlet: FrameworkServlet '': initialization completed in 4 ms

MockHttpServletRequest:
      HTTP Method = POST
      Request URI = /emclientapi/version/1/uploadFilesWithS2SAuthToken
       Parameters = {}
          Headers = {Content-Type=[multipart/form-data, multipart/form-data], authorizationToken=[AAAAAAA], requestId=[1234]}

Handler:
             Type = uk.gov.hmcts.reform.emclient.controller.EvidenceManagementClientController
           Method = public java.util.List<uk.gov.hmcts.reform.emclient.response.FileUploadResponse> uk.gov.hmcts.reform.emclient.controller.EvidenceManagementClientController.handleFileUploadWithS2SToken(java.lang.String,java.lang.String,java.util.List<org.springframework.web.multipart.MultipartFile>)

Async:
    Async started = false
     Async result = null

Resolved Exception:
             Type = javax.validation.ConstraintViolationException

ModelAndView:
        View name = null
             View = null
            Model = null

FlashMap:
       Attributes = null

MockHttpServletResponse:
           Status = 200
    Error message = null
          Headers = {Content-Type=[application/json;charset=UTF-8]}
     Content type = application/json;charset=UTF-8
             Body = {"timestamp":1520871758480,"status":400,"error":"Bad Request","exception":"javax.validation.ConstraintViolationException","message":"Attempt to upload invalid file, this service only accepts the following file types ('jpg, jpeg, bmp, tif, tiff, png, pdf)","path":"/emclientapi/version/1/uploadFilesWithS2SAuthToken","errorCode":"invalidFileType"}
    Forwarded URL = null
   Redirected URL = null
          Cookies = []
2018-03-12 16:22:38,533 INFO [Test worker] org.springframework.boot.test.mock.web.SpringBootMockServletContext: Initializing Spring FrameworkServlet ''
2018-03-12 16:22:38,533 INFO [Test worker] org.springframework.test.web.servlet.TestDispatcherServlet: FrameworkServlet '': initialization started
2018-03-12 16:22:38,537 INFO [Test worker] org.springframework.test.web.servlet.TestDispatcherServlet: FrameworkServlet '': initialization completed in 4 ms
2018-03-12 16:22:38,557 INFO [Test worker] org.springframework.boot.test.mock.web.SpringBootMockServletContext: Initializing Spring FrameworkServlet ''
2018-03-12 16:22:38,557 INFO [Test worker] org.springframework.test.web.servlet.TestDispatcherServlet: FrameworkServlet '': initialization started
2018-03-12 16:22:38,562 INFO [Test worker] org.springframework.test.web.servlet.TestDispatcherServlet: FrameworkServlet '': initialization completed in 5 ms
2018-03-12 16:22:38,568 ERROR [Test worker] uk.gov.hmcts.reform.emclient.errorhandler.GlobalExceptionHandler: Request Id : 1234 and Exception message : Evidence management service is currently down
2018-03-12 16:22:38,580 INFO [Test worker] org.springframework.boot.test.mock.web.SpringBootMockServletContext: Initializing Spring FrameworkServlet ''
2018-03-12 16:22:38,580 INFO [Test worker] org.springframework.test.web.servlet.TestDispatcherServlet: FrameworkServlet '': initialization started
2018-03-12 16:22:38,586 INFO [Test worker] org.springframework.test.web.servlet.TestDispatcherServlet: FrameworkServlet '': initialization completed in 5 ms
2018-03-12 16:22:38,644 INFO [Test worker] org.springframework.boot.test.mock.web.SpringBootMockServletContext: Initializing Spring FrameworkServlet ''
2018-03-12 16:22:38,645 INFO [Test worker] org.springframework.test.web.servlet.TestDispatcherServlet: FrameworkServlet '': initialization started
2018-03-12 16:22:38,649 INFO [Test worker] org.springframework.test.web.servlet.TestDispatcherServlet: FrameworkServlet '': initialization completed in 4 ms

MockHttpServletRequest:
      HTTP Method = POST
      Request URI = /emclientapi/version/1/uploadFiles
       Parameters = {}
          Headers = {Content-Type=[multipart/form-data, multipart/form-data], authorizationToken=[AAAAAAA], requestId=[1234]}

Handler:
             Type = uk.gov.hmcts.reform.emclient.controller.EvidenceManagementClientController
           Method = public java.util.List<uk.gov.hmcts.reform.emclient.response.FileUploadResponse> uk.gov.hmcts.reform.emclient.controller.EvidenceManagementClientController.handleFileUpload(java.lang.String,java.lang.String,java.util.List<org.springframework.web.multipart.MultipartFile>)

Async:
    Async started = false
     Async result = null

Resolved Exception:
             Type = javax.validation.ConstraintViolationException

ModelAndView:
        View name = null
             View = null
            Model = null

FlashMap:
       Attributes = null

MockHttpServletResponse:
           Status = 200
    Error message = null
          Headers = {Content-Type=[application/json;charset=UTF-8]}
     Content type = application/json;charset=UTF-8
             Body = {"timestamp":1520871758657,"status":400,"error":"Bad Request","exception":"javax.validation.ConstraintViolationException","message":"Attempt to upload invalid file, this service only accepts the following file types ('jpg, jpeg, bmp, tif, tiff, png, pdf)","path":"/emclientapi/version/1/uploadFiles","errorCode":"invalidFileType"}
    Forwarded URL = null
   Redirected URL = null
          Cookies = []
2018-03-12 16:22:38,681 INFO [Test worker] org.springframework.boot.test.mock.web.SpringBootMockServletContext: Initializing Spring FrameworkServlet ''
2018-03-12 16:22:38,681 INFO [Test worker] org.springframework.test.web.servlet.TestDispatcherServlet: FrameworkServlet '': initialization started
2018-03-12 16:22:38,687 INFO [Test worker] org.springframework.test.web.servlet.TestDispatcherServlet: FrameworkServlet '': initialization completed in 6 ms
]]></system-out>
  <system-err><![CDATA[]]></system-err>
</testsuite>
