<?xml version="1.0" encoding="UTF-8"?>
<testsuite name="uk.gov.hmcts.reform.emclient.service.EvidenceManagementUploadServiceImplTest" tests="12" skipped="0" failures="0" errors="0" timestamp="2018-03-12T16:22:45" hostname="turbo" time="0.087">
  <properties/>
  <testcase name="shouldUploadFileWithUserTokenAndReturnFileUrlWithMetadataWhenValidInputsArePassed" classname="uk.gov.hmcts.reform.emclient.service.EvidenceManagementUploadServiceImplTest" time="0.05"/>
  <testcase name="shouldNotUploadFileWithS2STokenAndThrowExceptionWhenEMStoreIsNotAvailable" classname="uk.gov.hmcts.reform.emclient.service.EvidenceManagementUploadServiceImplTest" time="0.002"/>
  <testcase name="shouldNotUploadFileWithUserTokenAndThrowExceptionWhenAuthorizationTokenIsInvalid" classname="uk.gov.hmcts.reform.emclient.service.EvidenceManagementUploadServiceImplTest" time="0.001"/>
  <testcase name="givenNotTextIsBlank_whenGetTextFromJsonNode_thenReturnNull" classname="uk.gov.hmcts.reform.emclient.service.EvidenceManagementUploadServiceImplTest" time="0.004"/>
  <testcase name="givenNotTextIsNull_whenGetTextFromJsonNode_thenReturnNull" classname="uk.gov.hmcts.reform.emclient.service.EvidenceManagementUploadServiceImplTest" time="0.002"/>
  <testcase name="shouldNotUploadFileWithS2STokenAndThrowExceptionWhenAuthorizationTokenIsInvalid" classname="uk.gov.hmcts.reform.emclient.service.EvidenceManagementUploadServiceImplTest" time="0.001"/>
  <testcase name="shouldNotUploadFileWithUserTokenAndThrowExceptionWhenEMServiceIsNotAvailable" classname="uk.gov.hmcts.reform.emclient.service.EvidenceManagementUploadServiceImplTest" time="0.001"/>
  <testcase name="givenDataIsNotPresent_whenGetTextFromJsonNode_thenReturnNull" classname="uk.gov.hmcts.reform.emclient.service.EvidenceManagementUploadServiceImplTest" time="0.002"/>
  <testcase name="shouldUploadFileWithS2STokenAndReturnFileUrlWithMetadataWhenValidInputsArePassed" classname="uk.gov.hmcts.reform.emclient.service.EvidenceManagementUploadServiceImplTest" time="0.004"/>
  <testcase name="givenDataPresent_whenGetTextFromJsonNode_thenReturnData" classname="uk.gov.hmcts.reform.emclient.service.EvidenceManagementUploadServiceImplTest" time="0.001"/>
  <testcase name="givenStoredFileIsNull_whenGetTextFromJsonNode_thenReturnNull" classname="uk.gov.hmcts.reform.emclient.service.EvidenceManagementUploadServiceImplTest" time="0.0"/>
  <testcase name="shouldUploadFileWithS2STokenAndReturnNullForEmptyFieldsWhenValidInputsArePassed" classname="uk.gov.hmcts.reform.emclient.service.EvidenceManagementUploadServiceImplTest" time="0.006"/>
  <system-out><![CDATA[2018-03-12 16:22:45,746 INFO [Test worker] uk.gov.hmcts.reform.emclient.service.EvidenceManagementUploadServiceImpl: For Request Id 123333 : File upload response from Evidence Management service is [{"documentType":null,"size":3644305,"mimeType":"application/pdf","originalDocumentName":"JDP.pdf","createdBy":"testuser","lastModifiedBy":"testuser","modifiedOn":"2017-09-01T13:12:36.860+0000","createdOn":"2017-09-01T13:12:36.862+0000","_links":{"self":{"href":"http://localhost:8080/documents/6"},"binary":{"href":"http://localhost:8080/documents/6/binary"}},"_embedded":{"allFileVersions":{"_embedded":{"fileVersions":[{"size":3644305,"mimeType":"application/pdf","originalFileName":"JDP.pdf","createdBy":"14","lastModifiedBy":"14","modifiedOn":null,"createOn":"2017-09-01T13:12:36.862+0000","_links":{"binary":{"href":"http://localhost:8080/documents/6/versions/7/binary"}}}]}}}}]
2018-03-12 16:22:45,800 INFO [Test worker] uk.gov.hmcts.reform.emclient.service.EvidenceManagementUploadServiceImpl: For Request Id 123333 : File upload response from Evidence Management service is [{"documentType":null,"size":3644305,"mimeType":"application/pdf","originalDocumentName":"JDP.pdf","createdBy":"testuser","lastModifiedBy":"testuser","modifiedOn":"2017-09-01T13:12:36.860+0000","createdOn":"2017-09-01T13:12:36.862+0000","_links":{"self":{"href":"http://localhost:8080/documents/6"},"binary":{"href":"http://localhost:8080/documents/6/binary"}},"_embedded":{"allFileVersions":{"_embedded":{"fileVersions":[{"size":3644305,"mimeType":"application/pdf","originalFileName":"JDP.pdf","createdBy":"14","lastModifiedBy":"14","modifiedOn":null,"createOn":"2017-09-01T13:12:36.862+0000","_links":{"binary":{"href":"http://localhost:8080/documents/6/versions/7/binary"}}}]}}}}]
2018-03-12 16:22:45,809 INFO [Test worker] uk.gov.hmcts.reform.emclient.service.EvidenceManagementUploadServiceImpl: For Request Id 123333 : File upload response from Evidence Management service is [{"documentType":null,"size":3644305,"mimeType":"application/pdf","originalDocumentName":"JDP.pdf","createdOn":"2017-09-01T13:12:36.862+0000","_links":{"self":{"href":"http://localhost:8080/documents/6"},"binary":{"href":"http://localhost:8080/documents/6/binary"}},"_embedded":{"allFileVersions":{"_embedded":{"fileVersions":[{"size":3644305,"mimeType":"application/pdf","originalFileName":"JDP.pdf","createOn":"2017-09-01T13:12:36.862+0000","_links":{"binary":{"href":"http://localhost:8080/documents/6/versions/7/binary"}}}]}}}}]
]]></system-out>
  <system-err><![CDATA[]]></system-err>
</testsuite>
