<?xml version="1.0" encoding="UTF-8"?>
<testsuite name="uk.gov.hmcts.reform.emclient.service.UploadRequestBuilderTest" tests="2" skipped="0" failures="0" errors="0" timestamp="2018-03-12T16:22:45" hostname="turbo" time="0.006">
  <properties/>
  <testcase name="testUploadRequestUtilityClassConstructor" classname="uk.gov.hmcts.reform.emclient.service.UploadRequestBuilderTest" time="0.003"/>
  <testcase name="testUploadRequestUtilityClassObjectCreation" classname="uk.gov.hmcts.reform.emclient.service.UploadRequestBuilderTest" time="0.001"/>
  <system-out><![CDATA[]]></system-out>
  <system-err><![CDATA[]]></system-err>
</testsuite>
