<?xml version="1.0" encoding="UTF-8"?>
<testsuite name="uk.gov.hmcts.reform.emclient.validation.validator.EvidenceFileValidatorTest" tests="7" skipped="0" failures="0" errors="0" timestamp="2018-03-12T16:22:54" hostname="turbo" time="0.057">
  <properties/>
  <testcase name="testMimeTypeFailValidation" classname="uk.gov.hmcts.reform.emclient.validation.validator.EvidenceFileValidatorTest" time="0.02"/>
  <testcase name="testRestrictedFileFailValidation" classname="uk.gov.hmcts.reform.emclient.validation.validator.EvidenceFileValidatorTest" time="0.006"/>
  <testcase name="testPdfFileSuccessValidation" classname="uk.gov.hmcts.reform.emclient.validation.validator.EvidenceFileValidatorTest" time="0.007"/>
  <testcase name="testBmpFileSuccessValidation" classname="uk.gov.hmcts.reform.emclient.validation.validator.EvidenceFileValidatorTest" time="0.004"/>
  <testcase name="testJpegFileSuccessValidation" classname="uk.gov.hmcts.reform.emclient.validation.validator.EvidenceFileValidatorTest" time="0.005"/>
  <testcase name="testTiffFileSuccessValidation" classname="uk.gov.hmcts.reform.emclient.validation.validator.EvidenceFileValidatorTest" time="0.004"/>
  <testcase name="testPngFileSuccessValidation" classname="uk.gov.hmcts.reform.emclient.validation.validator.EvidenceFileValidatorTest" time="0.005"/>
  <system-out><![CDATA[2018-03-12 16:22:51,375 INFO [Test worker] org.springframework.boot.test.context.SpringBootTestContextBootstrapper: Neither @ContextConfiguration nor @ContextHierarchy found for test class [uk.gov.hmcts.reform.emclient.validation.validator.EvidenceFileValidatorTest], using SpringBootContextLoader
2018-03-12 16:22:51,377 INFO [Test worker] org.springframework.test.context.support.AbstractContextLoader: Could not detect default resource locations for test class [uk.gov.hmcts.reform.emclient.validation.validator.EvidenceFileValidatorTest]: no resource found for suffixes {-context.xml, Context.groovy}.
2018-03-12 16:22:51,382 INFO [Test worker] org.springframework.boot.test.context.SpringBootTestContextBootstrapper: Loaded default TestExecutionListener class names from location [META-INF/spring.factories]: [org.springframework.boot.test.autoconfigure.restdocs.RestDocsTestExecutionListener, org.springframework.boot.test.autoconfigure.web.client.MockRestServiceServerResetTestExecutionListener, org.springframework.boot.test.autoconfigure.web.servlet.MockMvcPrintOnlyOnFailureTestExecutionListener, org.springframework.boot.test.autoconfigure.web.servlet.WebDriverTestExecutionListener, org.springframework.boot.test.mock.mockito.MockitoTestExecutionListener, org.springframework.boot.test.mock.mockito.ResetMocksTestExecutionListener, org.springframework.test.context.web.ServletTestExecutionListener, org.springframework.test.context.support.DirtiesContextBeforeModesTestExecutionListener, org.springframework.test.context.support.DependencyInjectionTestExecutionListener, org.springframework.test.context.support.DirtiesContextTestExecutionListener, org.springframework.test.context.transaction.TransactionalTestExecutionListener, org.springframework.test.context.jdbc.SqlScriptsTestExecutionListener]
2018-03-12 16:22:51,386 INFO [Test worker] org.springframework.boot.test.context.SpringBootTestContextBootstrapper: Could not instantiate TestExecutionListener [org.springframework.test.context.jdbc.SqlScriptsTestExecutionListener]. Specify custom listener classes or make the default listener classes (and their required dependencies) available. Offending class: [org/springframework/transaction/interceptor/TransactionAttribute]
2018-03-12 16:22:51,387 INFO [Test worker] org.springframework.boot.test.context.SpringBootTestContextBootstrapper: Could not instantiate TestExecutionListener [org.springframework.test.context.transaction.TransactionalTestExecutionListener]. Specify custom listener classes or make the default listener classes (and their required dependencies) available. Offending class: [org/springframework/transaction/interceptor/TransactionAttributeSource]
2018-03-12 16:22:51,387 INFO [Test worker] org.springframework.boot.test.context.SpringBootTestContextBootstrapper: Using TestExecutionListeners: [org.springframework.test.context.web.ServletTestExecutionListener@66337f79, org.springframework.test.context.support.DirtiesContextBeforeModesTestExecutionListener@4b8f5a77, org.springframework.boot.test.autoconfigure.SpringBootDependencyInjectionTestExecutionListener@40689134, org.springframework.test.context.support.DirtiesContextTestExecutionListener@1852d5db, org.springframework.boot.test.autoconfigure.web.servlet.MockMvcPrintOnlyOnFailureTestExecutionListener@6567a91f, org.springframework.boot.test.mock.mockito.ResetMocksTestExecutionListener@548a0b26, org.springframework.boot.test.mock.mockito.MockitoTestExecutionListener@506fd1b2, org.springframework.boot.test.autoconfigure.web.client.MockRestServiceServerResetTestExecutionListener@5e1d2a69, org.springframework.boot.test.autoconfigure.restdocs.RestDocsTestExecutionListener@6ea4fe4, org.springframework.boot.test.autoconfigure.web.servlet.WebDriverTestExecutionListener@23da724]
2018-03-12 16:22:51,494 INFO [Test worker] org.springframework.context.annotation.AnnotationConfigApplicationContext: Refreshing org.springframework.context.annotation.AnnotationConfigApplicationContext@67d2a475: startup date [Mon Mar 12 16:22:51 GMT 2018]; root of context hierarchy
2018-03-12 16:22:51,550 INFO [Test worker] org.springframework.context.support.PostProcessorRegistrationDelegate$BeanPostProcessorChecker: Bean 'configurationPropertiesRebinderAutoConfiguration' of type [org.springframework.cloud.autoconfigure.ConfigurationPropertiesRebinderAutoConfiguration$$EnhancerBySpringCGLIB$$48683738] is not eligible for getting processed by all BeanPostProcessors (for example: not eligible for auto-proxying)
2018-03-12 16:22:51,578 INFO [Test worker] org.hibernate.validator.internal.engine.ValidatorFactoryImpl: HV000238: Temporal validation tolerance set to 0.

  .   ____          _            __ _ _
 /\\ / ___'_ __ _ _(_)_ __  __ _ \ \ \ \
( ( )\___ | '_ | '_| | '_ \/ _` | \ \ \ \
 \\/  ___)| |_)| | | | | || (_| |  ) ) ) )
  '  |____| .__|_| |_|_| |_\__, | / / / /
 =========|_|==============|___/=/_/_/_/
 :: Spring Boot ::        (v1.5.9.RELEASE)

2018-03-12 16:22:51,688 INFO [Test worker] uk.gov.hmcts.reform.emclient.validation.validator.EvidenceFileValidatorTest: The following profiles are active: development
2018-03-12 16:22:51,694 INFO [Test worker] org.springframework.web.context.support.GenericWebApplicationContext: Refreshing org.springframework.web.context.support.GenericWebApplicationContext@36736ea9: startup date [Mon Mar 12 16:22:51 GMT 2018]; parent: org.springframework.context.annotation.AnnotationConfigApplicationContext@67d2a475
2018-03-12 16:22:52,043 INFO [Test worker] org.springframework.beans.factory.support.DefaultListableBeanFactory: Overriding bean definition for bean 'hystrixFeature' with a different definition: replacing [Root bean: class [null]; scope=; abstract=false; lazyInit=false; autowireMode=3; dependencyCheck=0; autowireCandidate=true; primary=false; factoryBeanName=org.springframework.cloud.netflix.hystrix.HystrixCircuitBreakerConfiguration$HystrixWebConfiguration; factoryMethodName=hystrixFeature; initMethodName=null; destroyMethodName=(inferred); defined in class path resource [org/springframework/cloud/netflix/hystrix/HystrixCircuitBreakerConfiguration$HystrixWebConfiguration.class]] with [Root bean: class [null]; scope=; abstract=false; lazyInit=false; autowireMode=3; dependencyCheck=0; autowireCandidate=true; primary=false; factoryBeanName=org.springframework.cloud.netflix.hystrix.HystrixCircuitBreakerConfiguration; factoryMethodName=hystrixFeature; initMethodName=null; destroyMethodName=(inferred); defined in class path resource [org/springframework/cloud/netflix/hystrix/HystrixCircuitBreakerConfiguration.class]]
2018-03-12 16:22:52,098 INFO [Test worker] org.springframework.beans.factory.support.DefaultListableBeanFactory: Overriding bean definition for bean 'managementServletContext' with a different definition: replacing [Root bean: class [null]; scope=; abstract=false; lazyInit=false; autowireMode=3; dependencyCheck=0; autowireCandidate=true; primary=false; factoryBeanName=org.springframework.boot.actuate.autoconfigure.EndpointWebMvcHypermediaManagementContextConfiguration; factoryMethodName=managementServletContext; initMethodName=null; destroyMethodName=(inferred); defined in class path resource [org/springframework/boot/actuate/autoconfigure/EndpointWebMvcHypermediaManagementContextConfiguration.class]] with [Root bean: class [null]; scope=; abstract=false; lazyInit=false; autowireMode=3; dependencyCheck=0; autowireCandidate=true; primary=false; factoryBeanName=org.springframework.boot.actuate.autoconfigure.EndpointWebMvcAutoConfiguration; factoryMethodName=managementServletContext; initMethodName=null; destroyMethodName=(inferred); defined in class path resource [org/springframework/boot/actuate/autoconfigure/EndpointWebMvcAutoConfiguration.class]]
2018-03-12 16:22:52,121 INFO [Test worker] org.springframework.cloud.context.scope.GenericScope: BeanFactory id=33c6e089-a7b8-34e7-96e9-b3b71799ba5c
2018-03-12 16:22:52,220 INFO [Test worker] org.springframework.context.support.PostProcessorRegistrationDelegate$BeanPostProcessorChecker: Bean 'org.springframework.retry.annotation.RetryConfiguration' of type [org.springframework.retry.annotation.RetryConfiguration$$EnhancerBySpringCGLIB$$2211cc60] is not eligible for getting processed by all BeanPostProcessors (for example: not eligible for auto-proxying)
2018-03-12 16:22:52,229 INFO [Test worker] org.springframework.context.support.PostProcessorRegistrationDelegate$BeanPostProcessorChecker: Bean 'org.springframework.cloud.autoconfigure.ConfigurationPropertiesRebinderAutoConfiguration' of type [org.springframework.cloud.autoconfigure.ConfigurationPropertiesRebinderAutoConfiguration$$EnhancerBySpringCGLIB$$48683738] is not eligible for getting processed by all BeanPostProcessors (for example: not eligible for auto-proxying)
2018-03-12 16:22:52,284 INFO [Test worker] org.hibernate.validator.internal.engine.ValidatorFactoryImpl: HV000238: Temporal validation tolerance set to 0.
2018-03-12 16:22:52,749 INFO [Test worker] org.hibernate.validator.internal.engine.ValidatorFactoryImpl: HV000238: Temporal validation tolerance set to 0.
2018-03-12 16:22:53,040 INFO [Test worker] org.springframework.web.servlet.mvc.method.annotation.RequestMappingHandlerAdapter: Looking for @ControllerAdvice: org.springframework.web.context.support.GenericWebApplicationContext@36736ea9: startup date [Mon Mar 12 16:22:51 GMT 2018]; parent: org.springframework.context.annotation.AnnotationConfigApplicationContext@67d2a475
2018-03-12 16:22:53,048 INFO [Test worker] org.springframework.web.servlet.mvc.method.annotation.RequestMappingHandlerAdapter: Detected ResponseBodyAdvice bean in org.springframework.boot.actuate.autoconfigure.EndpointWebMvcHypermediaManagementContextConfiguration$ActuatorEndpointLinksAdvice
2018-03-12 16:22:53,082 INFO [Test worker] org.springframework.web.servlet.mvc.method.annotation.RequestMappingHandlerMapping: Mapped "{[/emclientapi/version/1/uploadFiles],methods=[POST],consumes=[multipart/form-data],produces=[application/json;charset=UTF-8]}" onto public java.util.List<uk.gov.hmcts.reform.emclient.response.FileUploadResponse> uk.gov.hmcts.reform.emclient.controller.EvidenceManagementClientController.handleFileUpload(java.lang.String,java.lang.String,java.util.List<org.springframework.web.multipart.MultipartFile>)
2018-03-12 16:22:53,083 INFO [Test worker] org.springframework.web.servlet.mvc.method.annotation.RequestMappingHandlerMapping: Mapped "{[/emclientapi/version/1/uploadFilesWithS2SAuthToken],methods=[POST],consumes=[multipart/form-data],produces=[application/json;charset=UTF-8]}" onto public java.util.List<uk.gov.hmcts.reform.emclient.response.FileUploadResponse> uk.gov.hmcts.reform.emclient.controller.EvidenceManagementClientController.handleFileUploadWithS2SToken(java.lang.String,java.lang.String,java.util.List<org.springframework.web.multipart.MultipartFile>)
2018-03-12 16:22:53,083 INFO [Test worker] org.springframework.web.servlet.mvc.method.annotation.RequestMappingHandlerMapping: Mapped "{[/emclientapi/version/1/downloadFile],methods=[GET],produces=[application/octet-stream]}" onto public org.springframework.http.ResponseEntity<org.springframework.core.io.InputStreamResource> uk.gov.hmcts.reform.emclient.controller.EvidenceManagementClientController.downloadFile(java.lang.String,java.lang.String,java.lang.String) throws java.io.IOException
2018-03-12 16:22:53,084 INFO [Test worker] org.springframework.web.servlet.mvc.method.annotation.RequestMappingHandlerMapping: Mapped "{[/error]}" onto public org.springframework.http.ResponseEntity<java.util.Map<java.lang.String, java.lang.Object>> org.springframework.boot.autoconfigure.web.BasicErrorController.error(javax.servlet.http.HttpServletRequest)
2018-03-12 16:22:53,085 INFO [Test worker] org.springframework.web.servlet.mvc.method.annotation.RequestMappingHandlerMapping: Mapped "{[/error],produces=[text/html]}" onto public org.springframework.web.servlet.ModelAndView org.springframework.boot.autoconfigure.web.BasicErrorController.errorHtml(javax.servlet.http.HttpServletRequest,javax.servlet.http.HttpServletResponse)
2018-03-12 16:22:53,140 INFO [Test worker] org.springframework.web.servlet.handler.SimpleUrlHandlerMapping: Mapped URL path [/webjars/**] onto handler of type [class org.springframework.web.servlet.resource.ResourceHttpRequestHandler]
2018-03-12 16:22:53,140 INFO [Test worker] org.springframework.web.servlet.handler.SimpleUrlHandlerMapping: Mapped URL path [/**] onto handler of type [class org.springframework.web.servlet.resource.ResourceHttpRequestHandler]
2018-03-12 16:22:53,183 INFO [Test worker] org.springframework.web.servlet.mvc.method.annotation.ExceptionHandlerExceptionResolver: Detected @ExceptionHandler methods in globalExceptionHandler
2018-03-12 16:22:53,183 INFO [Test worker] org.springframework.web.servlet.mvc.method.annotation.ExceptionHandlerExceptionResolver: Detected ResponseBodyAdvice implementation in org.springframework.boot.actuate.autoconfigure.EndpointWebMvcHypermediaManagementContextConfiguration$ActuatorEndpointLinksAdvice
2018-03-12 16:22:53,213 INFO [Test worker] org.springframework.web.servlet.handler.SimpleUrlHandlerMapping: Mapped URL path [/**/favicon.ico] onto handler of type [class org.springframework.web.servlet.resource.ResourceHttpRequestHandler]
2018-03-12 16:22:53,750 INFO [Test worker] org.springframework.boot.actuate.endpoint.mvc.EndpointHandlerMapping: Mapped "{[/status/hystrix.stream/**]}" onto public org.springframework.web.servlet.ModelAndView org.springframework.cloud.netflix.endpoint.ServletWrappingEndpoint.handle(javax.servlet.http.HttpServletRequest,javax.servlet.http.HttpServletResponse) throws java.lang.Exception
2018-03-12 16:22:53,752 INFO [Test worker] org.springframework.boot.actuate.endpoint.mvc.EndpointHandlerMapping: Mapped "{[/status || /status.json],methods=[GET],produces=[application/vnd.spring-boot.actuator.v1+json || application/json]}" onto public org.springframework.hateoas.ResourceSupport org.springframework.boot.actuate.endpoint.mvc.HalJsonMvcEndpoint.links()
2018-03-12 16:22:53,754 INFO [Test worker] org.springframework.boot.actuate.endpoint.mvc.EndpointHandlerMapping: Mapped "{[/status/env/{name:.*}],methods=[GET],produces=[application/vnd.spring-boot.actuator.v1+json || application/json]}" onto public java.lang.Object org.springframework.boot.actuate.endpoint.mvc.EnvironmentMvcEndpoint.value(java.lang.String)
2018-03-12 16:22:53,754 INFO [Test worker] org.springframework.boot.actuate.endpoint.mvc.EndpointHandlerMapping: Mapped "{[/status/env || /status/env.json],methods=[GET],produces=[application/vnd.spring-boot.actuator.v1+json || application/json]}" onto public java.lang.Object org.springframework.boot.actuate.endpoint.mvc.EndpointMvcAdapter.invoke()
2018-03-12 16:22:53,755 INFO [Test worker] org.springframework.boot.actuate.endpoint.mvc.EndpointHandlerMapping: Mapped "{[/status/restart || /status/restart.json],methods=[POST]}" onto public java.lang.Object org.springframework.cloud.context.restart.RestartMvcEndpoint.invoke()
2018-03-12 16:22:53,756 INFO [Test worker] org.springframework.boot.actuate.endpoint.mvc.EndpointHandlerMapping: Mapped "{[/status/heapdump || /status/heapdump.json],methods=[GET],produces=[application/octet-stream]}" onto public void org.springframework.boot.actuate.endpoint.mvc.HeapdumpMvcEndpoint.invoke(boolean,javax.servlet.http.HttpServletRequest,javax.servlet.http.HttpServletResponse) throws java.io.IOException,javax.servlet.ServletException
2018-03-12 16:22:53,757 INFO [Test worker] org.springframework.boot.actuate.endpoint.mvc.EndpointHandlerMapping: Mapped "{[/status/metrics/{name:.*}],methods=[GET],produces=[application/vnd.spring-boot.actuator.v1+json || application/json]}" onto public java.lang.Object org.springframework.boot.actuate.endpoint.mvc.MetricsMvcEndpoint.value(java.lang.String)
2018-03-12 16:22:53,757 INFO [Test worker] org.springframework.boot.actuate.endpoint.mvc.EndpointHandlerMapping: Mapped "{[/status/metrics || /status/metrics.json],methods=[GET],produces=[application/vnd.spring-boot.actuator.v1+json || application/json]}" onto public java.lang.Object org.springframework.boot.actuate.endpoint.mvc.EndpointMvcAdapter.invoke()
2018-03-12 16:22:53,758 INFO [Test worker] org.springframework.boot.actuate.endpoint.mvc.EndpointHandlerMapping: Mapped "{[/status/mappings || /status/mappings.json],methods=[GET],produces=[application/vnd.spring-boot.actuator.v1+json || application/json]}" onto public java.lang.Object org.springframework.boot.actuate.endpoint.mvc.EndpointMvcAdapter.invoke()
2018-03-12 16:22:53,763 INFO [Test worker] org.springframework.boot.actuate.endpoint.mvc.EndpointHandlerMapping: Mapped "{[/status/health || /status/health.json],methods=[GET],produces=[application/vnd.spring-boot.actuator.v1+json || application/json]}" onto public java.lang.Object org.springframework.boot.actuate.endpoint.mvc.HealthMvcEndpoint.invoke(javax.servlet.http.HttpServletRequest,java.security.Principal)
2018-03-12 16:22:53,765 INFO [Test worker] org.springframework.boot.actuate.endpoint.mvc.EndpointHandlerMapping: Mapped "{[/status/dump || /status/dump.json],methods=[GET],produces=[application/vnd.spring-boot.actuator.v1+json || application/json]}" onto public java.lang.Object org.springframework.boot.actuate.endpoint.mvc.EndpointMvcAdapter.invoke()
2018-03-12 16:22:53,767 INFO [Test worker] org.springframework.boot.actuate.endpoint.mvc.EndpointHandlerMapping: Mapped "{[/status/env],methods=[POST]}" onto public java.lang.Object org.springframework.cloud.context.environment.EnvironmentManagerMvcEndpoint.value(java.util.Map<java.lang.String, java.lang.String>)
2018-03-12 16:22:53,768 INFO [Test worker] org.springframework.boot.actuate.endpoint.mvc.EndpointHandlerMapping: Mapped "{[/status/env/reset],methods=[POST]}" onto public java.util.Map<java.lang.String, java.lang.Object> org.springframework.cloud.context.environment.EnvironmentManagerMvcEndpoint.reset()
2018-03-12 16:22:53,769 INFO [Test worker] org.springframework.boot.actuate.endpoint.mvc.EndpointHandlerMapping: Mapped "{[/status/refresh || /status/refresh.json],methods=[POST]}" onto public java.lang.Object org.springframework.cloud.endpoint.GenericPostableMvcEndpoint.invoke()
2018-03-12 16:22:53,770 INFO [Test worker] org.springframework.boot.actuate.endpoint.mvc.EndpointHandlerMapping: Mapped "{[/status/beans || /status/beans.json],methods=[GET],produces=[application/vnd.spring-boot.actuator.v1+json || application/json]}" onto public java.lang.Object org.springframework.boot.actuate.endpoint.mvc.EndpointMvcAdapter.invoke()
2018-03-12 16:22:53,772 INFO [Test worker] org.springframework.boot.actuate.endpoint.mvc.EndpointHandlerMapping: Mapped "{[/status/auditevents || /status/auditevents.json],methods=[GET],produces=[application/vnd.spring-boot.actuator.v1+json || application/json]}" onto public org.springframework.http.ResponseEntity<?> org.springframework.boot.actuate.endpoint.mvc.AuditEventsMvcEndpoint.findByPrincipalAndAfterAndType(java.lang.String,java.util.Date,java.lang.String)
2018-03-12 16:22:53,773 INFO [Test worker] org.springframework.boot.actuate.endpoint.mvc.EndpointHandlerMapping: Mapped "{[/status/resume || /status/resume.json],methods=[POST]}" onto public java.lang.Object org.springframework.cloud.endpoint.GenericPostableMvcEndpoint.invoke()
2018-03-12 16:22:53,775 INFO [Test worker] org.springframework.boot.actuate.endpoint.mvc.EndpointHandlerMapping: Mapped "{[/status/loggers/{name:.*}],methods=[GET],produces=[application/vnd.spring-boot.actuator.v1+json || application/json]}" onto public java.lang.Object org.springframework.boot.actuate.endpoint.mvc.LoggersMvcEndpoint.get(java.lang.String)
2018-03-12 16:22:53,776 INFO [Test worker] org.springframework.boot.actuate.endpoint.mvc.EndpointHandlerMapping: Mapped "{[/status/loggers/{name:.*}],methods=[POST],consumes=[application/vnd.spring-boot.actuator.v1+json || application/json],produces=[application/vnd.spring-boot.actuator.v1+json || application/json]}" onto public java.lang.Object org.springframework.boot.actuate.endpoint.mvc.LoggersMvcEndpoint.set(java.lang.String,java.util.Map<java.lang.String, java.lang.String>)
2018-03-12 16:22:53,777 INFO [Test worker] org.springframework.boot.actuate.endpoint.mvc.EndpointHandlerMapping: Mapped "{[/status/loggers || /status/loggers.json],methods=[GET],produces=[application/vnd.spring-boot.actuator.v1+json || application/json]}" onto public java.lang.Object org.springframework.boot.actuate.endpoint.mvc.EndpointMvcAdapter.invoke()
2018-03-12 16:22:53,778 INFO [Test worker] org.springframework.boot.actuate.endpoint.mvc.EndpointHandlerMapping: Mapped "{[/status/configprops || /status/configprops.json],methods=[GET],produces=[application/vnd.spring-boot.actuator.v1+json || application/json]}" onto public java.lang.Object org.springframework.boot.actuate.endpoint.mvc.EndpointMvcAdapter.invoke()
2018-03-12 16:22:53,779 INFO [Test worker] org.springframework.boot.actuate.endpoint.mvc.EndpointHandlerMapping: Mapped "{[/status/autoconfig || /status/autoconfig.json],methods=[GET],produces=[application/vnd.spring-boot.actuator.v1+json || application/json]}" onto public java.lang.Object org.springframework.boot.actuate.endpoint.mvc.EndpointMvcAdapter.invoke()
2018-03-12 16:22:53,781 INFO [Test worker] org.springframework.boot.actuate.endpoint.mvc.EndpointHandlerMapping: Mapped "{[/status/archaius || /status/archaius.json],methods=[GET],produces=[application/vnd.spring-boot.actuator.v1+json || application/json]}" onto public java.lang.Object org.springframework.boot.actuate.endpoint.mvc.EndpointMvcAdapter.invoke()
2018-03-12 16:22:53,782 INFO [Test worker] org.springframework.boot.actuate.endpoint.mvc.EndpointHandlerMapping: Mapped "{[/status/trace || /status/trace.json],methods=[GET],produces=[application/vnd.spring-boot.actuator.v1+json || application/json]}" onto public java.lang.Object org.springframework.boot.actuate.endpoint.mvc.EndpointMvcAdapter.invoke()
2018-03-12 16:22:53,782 INFO [Test worker] org.springframework.boot.actuate.endpoint.mvc.EndpointHandlerMapping: Mapped "{[/status/info || /status/info.json],methods=[GET],produces=[application/vnd.spring-boot.actuator.v1+json || application/json]}" onto public java.lang.Object org.springframework.boot.actuate.endpoint.mvc.EndpointMvcAdapter.invoke()
2018-03-12 16:22:53,783 INFO [Test worker] org.springframework.boot.actuate.endpoint.mvc.EndpointHandlerMapping: Mapped "{[/status/pause || /status/pause.json],methods=[POST]}" onto public java.lang.Object org.springframework.cloud.endpoint.GenericPostableMvcEndpoint.invoke()
2018-03-12 16:22:53,985 WARN [Test worker] org.springframework.cloud.netflix.archaius.ArchaiusAutoConfiguration: Netflix ConfigurationManager has already been installed, unable to re-install
2018-03-12 16:22:54,636 INFO [Test worker] org.hibernate.validator.internal.engine.ValidatorFactoryImpl: HV000238: Temporal validation tolerance set to 0.
2018-03-12 16:22:54,648 INFO [Test worker] org.springframework.context.support.DefaultLifecycleProcessor: Starting beans in phase 2147483647
2018-03-12 16:22:54,649 INFO [Test worker] org.springframework.cloud.netflix.hystrix.HystrixCircuitBreakerConfiguration$HystrixMetricsPollerConfiguration: Starting poller
2018-03-12 16:22:54,667 INFO [Test worker] uk.gov.hmcts.reform.httpproxy.spring.HttpProxyInitialiser: No proxy found to configure
2018-03-12 16:22:54,667 INFO [Test worker] uk.gov.hmcts.reform.emclient.validation.validator.EvidenceFileValidatorTest: Started EvidenceFileValidatorTest in 3.271 seconds (JVM running for 32.699)
]]></system-out>
  <system-err><![CDATA[]]></system-err>
</testsuite>
