<?xml version="1.0" encoding="UTF-8"?>
<testsuite name="uk.gov.hmcts.reform.emclient.health.DefaultHttpEntityFactoryTest" tests="1" skipped="0" failures="0" errors="0" timestamp="2018-03-12T16:22:24" hostname="turbo" time="0.036">
  <properties/>
  <testcase name="shouldReturnEntityWithJsonAcceptHeadersWhenCallingCreateEntityForHealthCheck" classname="uk.gov.hmcts.reform.emclient.health.DefaultHttpEntityFactoryTest" time="0.036"/>
  <system-out><![CDATA[]]></system-out>
  <system-err><![CDATA[]]></system-err>
</testsuite>
